# JRE version: OpenJDK Runtime Environment (8.0_292-b10) (build 1.8.0_292-8u292-b10-0ubuntu1~20.04-b10)
# Java VM: OpenJDK 64-Bit Server VM (25.292-b10 mixed mode linux-amd64 compressed oops)
Heap:
 PSYoungGen      total 442368K, used 390250K [0x00000000e0000000, 0x0000000100000000, 0x0000000100000000)
  eden space 419840K, 87% used [0x00000000e0000000,0x00000000f671c670,0x00000000f9a00000)
  from space 22528K, 99% used [0x00000000f9a00000,0x00000000faffe328,0x00000000fb000000)
  to   space 29184K, 0% used [0x00000000fe380000,0x00000000fe380000,0x0000000100000000)
 ParOldGen       total 175104K, used 44603K [0x00000000a0000000, 0x00000000aab00000, 0x00000000e0000000)
  object space 175104K, 25% used [0x00000000a0000000,0x00000000a2b8ed38,0x00000000aab00000)
 Metaspace       used 52603K, capacity 55760K, committed 55848K, reserved 1097728K
  class space    used 6318K, capacity 7182K, committed 7216K, reserved 1048576K
GC Heap History (10 events):
Event: 5.043 GC heap before
{Heap before GC invocations=5 (full 1):
 PSYoungGen      total 272896K, used 10736K [0x00000000e0000000, 0x00000000f1500000, 0x0000000100000000)
  eden space 262144K, 0% used [0x00000000e0000000,0x00000000e0000000,0x00000000f0000000)
  from space 10752K, 99% used [0x00000000f0a80000,0x00000000f14fc030,0x00000000f1500000)
  to   space 10752K, 0% used [0x00000000f0000000,0x00000000f0000000,0x00000000f0a80000)
 ParOldGen       total 175104K, used 10316K [0x00000000a0000000, 0x00000000aab00000, 0x00000000e0000000)
  object space 175104K, 5% used [0x00000000a0000000,0x00000000a0a130e8,0x00000000aab00000)
 Metaspace       used 20733K, capacity 21212K, committed 21296K, reserved 1069056K
  class space    used 2395K, capacity 2561K, committed 2608K, reserved 1048576K
Event: 5.138 GC heap after
Heap after GC invocations=5 (full 1):
 PSYoungGen      total 272896K, used 0K [0x00000000e0000000, 0x00000000f1500000, 0x0000000100000000)
  eden space 262144K, 0% used [0x00000000e0000000,0x00000000e0000000,0x00000000f0000000)
  from space 10752K, 0% used [0x00000000f0a80000,0x00000000f0a80000,0x00000000f1500000)
  to   space 10752K, 0% used [0x00000000f0000000,0x00000000f0000000,0x00000000f0a80000)
 ParOldGen       total 175104K, used 17967K [0x00000000a0000000, 0x00000000aab00000, 0x00000000e0000000)
  object space 175104K, 10% used [0x00000000a0000000,0x00000000a118be40,0x00000000aab00000)
 Metaspace       used 20733K, capacity 21212K, committed 21296K, reserved 1069056K
  class space    used 2395K, capacity 2561K, committed 2608K, reserved 1048576K
}
Event: 13.901 GC heap before
{Heap before GC invocations=6 (full 1):
 PSYoungGen      total 272896K, used 262144K [0x00000000e0000000, 0x00000000f1500000, 0x0000000100000000)
  eden space 262144K, 100% used [0x00000000e0000000,0x00000000f0000000,0x00000000f0000000)
  from space 10752K, 0% used [0x00000000f0a80000,0x00000000f0a80000,0x00000000f1500000)
  to   space 10752K, 0% used [0x00000000f0000000,0x00000000f0000000,0x00000000f0a80000)
 ParOldGen       total 175104K, used 17967K [0x00000000a0000000, 0x00000000aab00000, 0x00000000e0000000)
  object space 175104K, 10% used [0x00000000a0000000,0x00000000a118be40,0x00000000aab00000)
 Metaspace       used 25625K, capacity 26646K, committed 26928K, reserved 1073152K
  class space    used 3017K, capacity 3324K, committed 3376K, reserved 1048576K
Event: 13.943 GC heap after
Heap after GC invocations=6 (full 1):
 PSYoungGen      total 272896K, used 10424K [0x00000000e0000000, 0x00000000fc580000, 0x0000000100000000)
  eden space 262144K, 0% used [0x00000000e0000000,0x00000000e0000000,0x00000000f0000000)
  from space 10752K, 96% used [0x00000000f0000000,0x00000000f0a2e100,0x00000000f0a80000)
  to   space 17920K, 0% used [0x00000000fb400000,0x00000000fb400000,0x00000000fc580000)
 ParOldGen       total 175104K, used 17975K [0x00000000a0000000, 0x00000000aab00000, 0x00000000e0000000)
  object space 175104K, 10% used [0x00000000a0000000,0x00000000a118de40,0x00000000aab00000)
 Metaspace       used 25625K, capacity 26646K, committed 26928K, reserved 1073152K
  class space    used 3017K, capacity 3324K, committed 3376K, reserved 1048576K
}
Event: 16.438 GC heap before
{Heap before GC invocations=7 (full 1):
 PSYoungGen      total 272896K, used 199662K [0x00000000e0000000, 0x00000000fc580000, 0x0000000100000000)
  eden space 262144K, 72% used [0x00000000e0000000,0x00000000eb8cd928,0x00000000f0000000)
  from space 10752K, 96% used [0x00000000f0000000,0x00000000f0a2e100,0x00000000f0a80000)
  to   space 17920K, 0% used [0x00000000fb400000,0x00000000fb400000,0x00000000fc580000)
 ParOldGen       total 175104K, used 17975K [0x00000000a0000000, 0x00000000aab00000, 0x00000000e0000000)
  object space 175104K, 10% used [0x00000000a0000000,0x00000000a118de40,0x00000000aab00000)
 Metaspace       used 33671K, capacity 35380K, committed 35496K, reserved 1081344K
  class space    used 3973K, capacity 4520K, committed 4528K, reserved 1048576K
Event: 16.478 GC heap after
Heap after GC invocations=7 (full 1):
 PSYoungGen      total 437760K, used 17916K [0x00000000e0000000, 0x00000000fc600000, 0x0000000100000000)
  eden space 419840K, 0% used [0x00000000e0000000,0x00000000e0000000,0x00000000f9a00000)
  from space 17920K, 99% used [0x00000000fb400000,0x00000000fc57f1c8,0x00000000fc580000)
  to   space 22528K, 0% used [0x00000000f9a00000,0x00000000f9a00000,0x00000000fb000000)
 ParOldGen       total 175104K, used 22189K [0x00000000a0000000, 0x00000000aab00000, 0x00000000e0000000)
  object space 175104K, 12% used [0x00000000a0000000,0x00000000a15ab650,0x00000000aab00000)
 Metaspace       used 33671K, capacity 35380K, committed 35496K, reserved 1081344K
  class space    used 3973K, capacity 4520K, committed 4528K, reserved 1048576K
}
Event: 16.478 GC heap before
{Heap before GC invocations=8 (full 2):
 PSYoungGen      total 437760K, used 17916K [0x00000000e0000000, 0x00000000fc600000, 0x0000000100000000)
  eden space 419840K, 0% used [0x00000000e0000000,0x00000000e0000000,0x00000000f9a00000)
  from space 17920K, 99% used [0x00000000fb400000,0x00000000fc57f1c8,0x00000000fc580000)
  to   space 22528K, 0% used [0x00000000f9a00000,0x00000000f9a00000,0x00000000fb000000)
 ParOldGen       total 175104K, used 22189K [0x00000000a0000000, 0x00000000aab00000, 0x00000000e0000000)
  object space 175104K, 12% used [0x00000000a0000000,0x00000000a15ab650,0x00000000aab00000)
 Metaspace       used 33671K, capacity 35380K, committed 35496K, reserved 1081344K
  class space    used 3973K, capacity 4520K, committed 4528K, reserved 1048576K
Event: 16.846 GC heap after
Heap after GC invocations=8 (full 2):
 PSYoungGen      total 437760K, used 0K [0x00000000e0000000, 0x00000000fc600000, 0x0000000100000000)
  eden space 419840K, 0% used [0x00000000e0000000,0x00000000e0000000,0x00000000f9a00000)
  from space 17920K, 0% used [0x00000000fb400000,0x00000000fb400000,0x00000000fc580000)
  to   space 22528K, 0% used [0x00000000f9a00000,0x00000000f9a00000,0x00000000fb000000)
 ParOldGen       total 175104K, used 37805K [0x00000000a0000000, 0x00000000aab00000, 0x00000000e0000000)
  object space 175104K, 21% used [0x00000000a0000000,0x00000000a24eb6d0,0x00000000aab00000)
 Metaspace       used 33671K, capacity 35380K, committed 35496K, reserved 1081344K
  class space    used 3973K, capacity 4520K, committed 4528K, reserved 1048576K
}
Event: 22.385 GC heap before
{Heap before GC invocations=9 (full 2):
 PSYoungGen      total 437760K, used 419840K [0x00000000e0000000, 0x00000000fc600000, 0x0000000100000000)
  eden space 419840K, 100% used [0x00000000e0000000,0x00000000f9a00000,0x00000000f9a00000)
  from space 17920K, 0% used [0x00000000fb400000,0x00000000fb400000,0x00000000fc580000)
  to   space 22528K, 0% used [0x00000000f9a00000,0x00000000f9a00000,0x00000000fb000000)
 ParOldGen       total 175104K, used 37805K [0x00000000a0000000, 0x00000000aab00000, 0x00000000e0000000)
  object space 175104K, 21% used [0x00000000a0000000,0x00000000a24eb6d0,0x00000000aab00000)
 Metaspace       used 49217K, capacity 52120K, committed 52392K, reserved 1095680K
  class space    used 5942K, capacity 6743K, committed 6832K, reserved 1048576K
Event: 22.467 GC heap after
Heap after GC invocations=9 (full 2):
 PSYoungGen      total 442368K, used 22520K [0x00000000e0000000, 0x0000000100000000, 0x0000000100000000)
  eden space 419840K, 0% used [0x00000000e0000000,0x00000000e0000000,0x00000000f9a00000)
  from space 22528K, 99% used [0x00000000f9a00000,0x00000000faffe328,0x00000000fb000000)
  to   space 29184K, 0% used [0x00000000fe380000,0x00000000fe380000,0x0000000100000000)
 ParOldGen       total 175104K, used 44603K [0x00000000a0000000, 0x00000000aab00000, 0x00000000e0000000)
  object space 175104K, 25% used [0x00000000a0000000,0x00000000a2b8ed38,0x00000000aab00000)
 Metaspace       used 49217K, capacity 52120K, committed 52392K, reserved 1095680K
  class space    used 5942K, capacity 6743K, committed 6832K, reserved 1048576K
}

